22:39:54.973 INFO  --- [main] c.l.example.BoardApplication : Starting BoardApplication using Java 16.0.2 on DESKTOP-BBQ5NV4 with PID 1084 (C:\Users\jeong\eclipse-workspace\board\bin\main started by jeong in C:\Users\jeong\eclipse-workspace\board) 
22:39:54.977 DEBUG --- [main] c.l.example.BoardApplication : Running with Spring Boot v2.6.2, Spring v5.3.14 
22:39:54.977 INFO  --- [main] c.l.example.BoardApplication : The following profiles are active: local 
22:39:55.035 WARN  --- [main] o.s.b.c.c.ConfigDataEnvironment : Property 'spring.profiles[0]' imported from location 'class path resource [application.yml]' is invalid and should be replaced with 'spring.config.activate.on-profile' [origin: class path resource [application.yml] - 11:5] 
22:39:57.770 DEBUG --- [main] c.l.example.config.AuthTokenFilter : Filter 'authenticationJwtTokenFilter' configured for use 
22:39:58.476 INFO  --- [main] c.l.example.BoardApplication : Started BoardApplication in 4.12 seconds (JVM running for 5.404) 
22:46:05.556 INFO  --- [http-nio-9000-exec-2] c.l.e.controller.AuthController : testLoginRequest [username=c, password=c] 
22:46:05.774 DEBUG --- [http-nio-9000-exec-2] c.l.e.mapper.UserMapper.readUser : ==>  Preparing: SELECT u_id as username, u_password as password, u_name as name, u_phone as phone, u_isAccountNonExpired as isAccountNonExpired, u_isAccountNonLocked as isAccountNonLocked, u_isCredentialNonExpired as isCredentialsNonExpired, u_isEnabled as isEnabled FROM userlist WHERE 1=1 AND u_id = ? 
22:46:05.790 DEBUG --- [http-nio-9000-exec-2] c.l.e.mapper.UserMapper.readUser : ==> Parameters: c(String) 
22:46:06.159 TRACE --- [http-nio-9000-exec-2] c.l.e.mapper.UserMapper.readUser : <==    Columns: username, password, name, phone, isAccountNonExpired, isAccountNonLocked, isCredentialsNonExpired, isEnabled 
22:46:06.160 TRACE --- [http-nio-9000-exec-2] c.l.e.mapper.UserMapper.readUser : <==        Row: c, $2a$10$OHE7XzHKtO25Vo5Hk4QTKOEW1ecLCrisEwdlh7HNIgUfxcu5fxNiK, c, 1234563, 1, 1, 1, 1 
22:46:06.189 DEBUG --- [http-nio-9000-exec-2] c.l.e.mapper.UserMapper.readUser : <==      Total: 1 
22:46:06.191 DEBUG --- [http-nio-9000-exec-2] c.l.e.m.UserMapper.readAuthorities : ==>  Preparing: SELECT u_auth FROM userauth WHERE 1=1 AND u_id = ? 
22:46:06.192 DEBUG --- [http-nio-9000-exec-2] c.l.e.m.UserMapper.readAuthorities : ==> Parameters: c(String) 
22:46:06.274 TRACE --- [http-nio-9000-exec-2] c.l.e.m.UserMapper.readAuthorities : <==    Columns: u_auth 
22:46:06.274 TRACE --- [http-nio-9000-exec-2] c.l.e.m.UserMapper.readAuthorities : <==        Row: ROLE_ADMIN 
22:46:06.275 TRACE --- [http-nio-9000-exec-2] c.l.e.m.UserMapper.readAuthorities : <==        Row: ROLE_USER 
22:46:06.275 DEBUG --- [http-nio-9000-exec-2] c.l.e.m.UserMapper.readAuthorities : <==      Total: 2 
22:46:06.521 INFO  --- [http-nio-9000-exec-2] c.l.e.controller.AuthController : ddddUser [username=c, password=$2a$10$OHE7XzHKtO25Vo5Hk4QTKOEW1ecLCrisEwdlh7HNIgUfxcu5fxNiK, name=c, phone=1234563, uDateTime=null, authorities=[ROLE_ADMIN, ROLE_USER], isAccountNonExpired=true, isAccountNonLocked=true, isCredentialsNonExpired=true, isEnabled=true] 
22:47:00.205 ERROR --- [pool-2-thread-1] o.s.s.s.TaskUtils$LoggingErrorHandler : Unexpected error occurred in scheduled task 
org.springframework.jdbc.BadSqlGrammarException: PreparedStatementCallback; bad SQL grammar [DELETE FROM SPRING_SESSION WHERE EXPIRY_TIME < ?]; nested exception is java.sql.SQLSyntaxErrorException: Table 'jung.spring_session' doesn't exist
	at org.springframework.jdbc.support.SQLErrorCodeSQLExceptionTranslator.doTranslate(SQLErrorCodeSQLExceptionTranslator.java:239)
	at org.springframework.jdbc.support.AbstractFallbackSQLExceptionTranslator.translate(AbstractFallbackSQLExceptionTranslator.java:70)
	at org.springframework.jdbc.core.JdbcTemplate.translateException(JdbcTemplate.java:1541)
	at org.springframework.jdbc.core.JdbcTemplate.execute(JdbcTemplate.java:667)
	at org.springframework.jdbc.core.JdbcTemplate.update(JdbcTemplate.java:960)
	at org.springframework.jdbc.core.JdbcTemplate.update(JdbcTemplate.java:1015)
	at org.springframework.jdbc.core.JdbcTemplate.update(JdbcTemplate.java:1025)
	at org.springframework.session.jdbc.JdbcIndexedSessionRepository.lambda$cleanUpExpiredSessions$8(JdbcIndexedSessionRepository.java:587)
	at org.springframework.transaction.support.TransactionTemplate.execute(TransactionTemplate.java:140)
	at org.springframework.session.jdbc.JdbcIndexedSessionRepository.cleanUpExpiredSessions(JdbcIndexedSessionRepository.java:587)
	at org.springframework.scheduling.support.DelegatingErrorHandlingRunnable.run(DelegatingErrorHandlingRunnable.java:54)
	at org.springframework.scheduling.concurrent.ReschedulingRunnable.run(ReschedulingRunnable.java:95)
	at java.base/java.util.concurrent.Executors$RunnableAdapter.call(Executors.java:515)
	at java.base/java.util.concurrent.FutureTask.run(FutureTask.java:264)
	at java.base/java.util.concurrent.ScheduledThreadPoolExecutor$ScheduledFutureTask.run(ScheduledThreadPoolExecutor.java:304)
	at java.base/java.util.concurrent.ThreadPoolExecutor.runWorker(ThreadPoolExecutor.java:1130)
	at java.base/java.util.concurrent.ThreadPoolExecutor$Worker.run(ThreadPoolExecutor.java:630)
	at java.base/java.lang.Thread.run(Thread.java:831)
Caused by: java.sql.SQLSyntaxErrorException: Table 'jung.spring_session' doesn't exist
	at com.mysql.cj.jdbc.exceptions.SQLError.createSQLException(SQLError.java:120)
	at com.mysql.cj.jdbc.exceptions.SQLExceptionsMapping.translateException(SQLExceptionsMapping.java:122)
	at com.mysql.cj.jdbc.ClientPreparedStatement.executeInternal(ClientPreparedStatement.java:953)
	at com.mysql.cj.jdbc.ClientPreparedStatement.executeUpdateInternal(ClientPreparedStatement.java:1098)
	at com.mysql.cj.jdbc.ClientPreparedStatement.executeUpdateInternal(ClientPreparedStatement.java:1046)
	at com.mysql.cj.jdbc.ClientPreparedStatement.executeLargeUpdate(ClientPreparedStatement.java:1371)
	at com.mysql.cj.jdbc.ClientPreparedStatement.executeUpdate(ClientPreparedStatement.java:1031)
	at com.zaxxer.hikari.pool.ProxyPreparedStatement.executeUpdate(ProxyPreparedStatement.java:61)
	at com.zaxxer.hikari.pool.HikariProxyPreparedStatement.executeUpdate(HikariProxyPreparedStatement.java)
	at org.springframework.jdbc.core.JdbcTemplate.lambda$update$2(JdbcTemplate.java:965)
	at org.springframework.jdbc.core.JdbcTemplate.execute(JdbcTemplate.java:651)
	... 14 common frames omitted
22:54:48.281 INFO  --- [http-nio-9000-exec-4] c.l.e.controller.AuthController : testLoginRequest [username=aa, password=aa] 
22:54:48.292 DEBUG --- [http-nio-9000-exec-4] c.l.e.mapper.UserMapper.readUser : ==>  Preparing: SELECT u_id as username, u_password as password, u_name as name, u_phone as phone, u_isAccountNonExpired as isAccountNonExpired, u_isAccountNonLocked as isAccountNonLocked, u_isCredentialNonExpired as isCredentialsNonExpired, u_isEnabled as isEnabled FROM userlist WHERE 1=1 AND u_id = ? 
22:54:48.293 DEBUG --- [http-nio-9000-exec-4] c.l.e.mapper.UserMapper.readUser : ==> Parameters: aa(String) 
22:54:48.296 TRACE --- [http-nio-9000-exec-4] c.l.e.mapper.UserMapper.readUser : <==    Columns: username, password, name, phone, isAccountNonExpired, isAccountNonLocked, isCredentialsNonExpired, isEnabled 
22:54:48.296 TRACE --- [http-nio-9000-exec-4] c.l.e.mapper.UserMapper.readUser : <==        Row: aa, $2a$10$E9uJmTb4UXt.Kas5DI/5z.uJboHYlOENfXdhyjesRNCfU2dwtRq2q, aa, 1111111111, 1, 1, 1, 1 
22:54:48.297 DEBUG --- [http-nio-9000-exec-4] c.l.e.mapper.UserMapper.readUser : <==      Total: 1 
22:54:48.298 DEBUG --- [http-nio-9000-exec-4] c.l.e.m.UserMapper.readAuthorities : ==>  Preparing: SELECT u_auth FROM userauth WHERE 1=1 AND u_id = ? 
22:54:48.298 DEBUG --- [http-nio-9000-exec-4] c.l.e.m.UserMapper.readAuthorities : ==> Parameters: aa(String) 
22:54:48.299 TRACE --- [http-nio-9000-exec-4] c.l.e.m.UserMapper.readAuthorities : <==    Columns: u_auth 
22:54:48.300 TRACE --- [http-nio-9000-exec-4] c.l.e.m.UserMapper.readAuthorities : <==        Row: ROLE_USER 
22:54:48.300 DEBUG --- [http-nio-9000-exec-4] c.l.e.m.UserMapper.readAuthorities : <==      Total: 1 
22:54:48.427 INFO  --- [http-nio-9000-exec-4] c.l.e.controller.AuthController : ddddUser [username=aa, password=$2a$10$E9uJmTb4UXt.Kas5DI/5z.uJboHYlOENfXdhyjesRNCfU2dwtRq2q, name=aa, phone=1111111111, uDateTime=null, authorities=[ROLE_USER], isAccountNonExpired=true, isAccountNonLocked=true, isCredentialsNonExpired=true, isEnabled=true] 
22:57:27.256 INFO  --- [http-nio-9000-exec-6] c.l.e.controller.AuthController : testLoginRequest [username=aa, password=aa] 
22:57:27.257 DEBUG --- [http-nio-9000-exec-6] c.l.e.mapper.UserMapper.readUser : ==>  Preparing: SELECT u_id as username, u_password as password, u_name as name, u_phone as phone, u_isAccountNonExpired as isAccountNonExpired, u_isAccountNonLocked as isAccountNonLocked, u_isCredentialNonExpired as isCredentialsNonExpired, u_isEnabled as isEnabled FROM userlist WHERE 1=1 AND u_id = ? 
22:57:27.257 DEBUG --- [http-nio-9000-exec-6] c.l.e.mapper.UserMapper.readUser : ==> Parameters: aa(String) 
22:57:27.260 TRACE --- [http-nio-9000-exec-6] c.l.e.mapper.UserMapper.readUser : <==    Columns: username, password, name, phone, isAccountNonExpired, isAccountNonLocked, isCredentialsNonExpired, isEnabled 
22:57:27.260 TRACE --- [http-nio-9000-exec-6] c.l.e.mapper.UserMapper.readUser : <==        Row: aa, $2a$10$E9uJmTb4UXt.Kas5DI/5z.uJboHYlOENfXdhyjesRNCfU2dwtRq2q, aa, 1111111111, 1, 1, 1, 1 
22:57:27.271 DEBUG --- [http-nio-9000-exec-6] c.l.e.mapper.UserMapper.readUser : <==      Total: 1 
22:57:27.271 DEBUG --- [http-nio-9000-exec-6] c.l.e.m.UserMapper.readAuthorities : ==>  Preparing: SELECT u_auth FROM userauth WHERE 1=1 AND u_id = ? 
22:57:27.272 DEBUG --- [http-nio-9000-exec-6] c.l.e.m.UserMapper.readAuthorities : ==> Parameters: aa(String) 
22:57:27.272 TRACE --- [http-nio-9000-exec-6] c.l.e.m.UserMapper.readAuthorities : <==    Columns: u_auth 
22:57:27.272 TRACE --- [http-nio-9000-exec-6] c.l.e.m.UserMapper.readAuthorities : <==        Row: ROLE_USER 
22:57:27.277 DEBUG --- [http-nio-9000-exec-6] c.l.e.m.UserMapper.readAuthorities : <==      Total: 1 
22:57:27.402 INFO  --- [http-nio-9000-exec-6] c.l.e.controller.AuthController : ddddUser [username=aa, password=$2a$10$E9uJmTb4UXt.Kas5DI/5z.uJboHYlOENfXdhyjesRNCfU2dwtRq2q, name=aa, phone=1111111111, uDateTime=null, authorities=[ROLE_USER], isAccountNonExpired=true, isAccountNonLocked=true, isCredentialsNonExpired=true, isEnabled=true] 
23:01:01.908 INFO  --- [http-nio-9000-exec-8] c.l.e.controller.AuthController : testLoginRequest [username=aa, password=aa] 
23:01:01.909 DEBUG --- [http-nio-9000-exec-8] c.l.e.mapper.UserMapper.readUser : ==>  Preparing: SELECT u_id as username, u_password as password, u_name as name, u_phone as phone, u_isAccountNonExpired as isAccountNonExpired, u_isAccountNonLocked as isAccountNonLocked, u_isCredentialNonExpired as isCredentialsNonExpired, u_isEnabled as isEnabled FROM userlist WHERE 1=1 AND u_id = ? 
23:01:01.909 DEBUG --- [http-nio-9000-exec-8] c.l.e.mapper.UserMapper.readUser : ==> Parameters: aa(String) 
23:01:01.910 TRACE --- [http-nio-9000-exec-8] c.l.e.mapper.UserMapper.readUser : <==    Columns: username, password, name, phone, isAccountNonExpired, isAccountNonLocked, isCredentialsNonExpired, isEnabled 
23:01:01.910 TRACE --- [http-nio-9000-exec-8] c.l.e.mapper.UserMapper.readUser : <==        Row: aa, $2a$10$E9uJmTb4UXt.Kas5DI/5z.uJboHYlOENfXdhyjesRNCfU2dwtRq2q, aa, 1111111111, 1, 1, 1, 1 
23:01:01.912 DEBUG --- [http-nio-9000-exec-8] c.l.e.mapper.UserMapper.readUser : <==      Total: 1 
23:01:01.913 DEBUG --- [http-nio-9000-exec-8] c.l.e.m.UserMapper.readAuthorities : ==>  Preparing: SELECT u_auth FROM userauth WHERE 1=1 AND u_id = ? 
23:01:01.913 DEBUG --- [http-nio-9000-exec-8] c.l.e.m.UserMapper.readAuthorities : ==> Parameters: aa(String) 
23:01:01.915 TRACE --- [http-nio-9000-exec-8] c.l.e.m.UserMapper.readAuthorities : <==    Columns: u_auth 
23:01:01.915 TRACE --- [http-nio-9000-exec-8] c.l.e.m.UserMapper.readAuthorities : <==        Row: ROLE_USER 
23:01:01.915 DEBUG --- [http-nio-9000-exec-8] c.l.e.m.UserMapper.readAuthorities : <==      Total: 1 
23:01:02.039 INFO  --- [http-nio-9000-exec-8] c.l.e.controller.AuthController : ddddUser [username=aa, password=$2a$10$E9uJmTb4UXt.Kas5DI/5z.uJboHYlOENfXdhyjesRNCfU2dwtRq2q, name=aa, phone=1111111111, uDateTime=null, authorities=[ROLE_USER], isAccountNonExpired=true, isAccountNonLocked=true, isCredentialsNonExpired=true, isEnabled=true] 
23:01:43.652 INFO  --- [http-nio-9000-exec-10] c.l.e.controller.AuthController : testLoginRequest [username=aa, password=aa] 
23:01:43.653 DEBUG --- [http-nio-9000-exec-10] c.l.e.mapper.UserMapper.readUser : ==>  Preparing: SELECT u_id as username, u_password as password, u_name as name, u_phone as phone, u_isAccountNonExpired as isAccountNonExpired, u_isAccountNonLocked as isAccountNonLocked, u_isCredentialNonExpired as isCredentialsNonExpired, u_isEnabled as isEnabled FROM userlist WHERE 1=1 AND u_id = ? 
23:01:43.654 DEBUG --- [http-nio-9000-exec-10] c.l.e.mapper.UserMapper.readUser : ==> Parameters: aa(String) 
23:01:43.655 TRACE --- [http-nio-9000-exec-10] c.l.e.mapper.UserMapper.readUser : <==    Columns: username, password, name, phone, isAccountNonExpired, isAccountNonLocked, isCredentialsNonExpired, isEnabled 
23:01:43.655 TRACE --- [http-nio-9000-exec-10] c.l.e.mapper.UserMapper.readUser : <==        Row: aa, $2a$10$E9uJmTb4UXt.Kas5DI/5z.uJboHYlOENfXdhyjesRNCfU2dwtRq2q, aa, 1111111111, 1, 1, 1, 1 
23:01:43.656 DEBUG --- [http-nio-9000-exec-10] c.l.e.mapper.UserMapper.readUser : <==      Total: 1 
23:01:43.657 DEBUG --- [http-nio-9000-exec-10] c.l.e.m.UserMapper.readAuthorities : ==>  Preparing: SELECT u_auth FROM userauth WHERE 1=1 AND u_id = ? 
23:01:43.657 DEBUG --- [http-nio-9000-exec-10] c.l.e.m.UserMapper.readAuthorities : ==> Parameters: aa(String) 
23:01:43.658 TRACE --- [http-nio-9000-exec-10] c.l.e.m.UserMapper.readAuthorities : <==    Columns: u_auth 
23:01:43.658 TRACE --- [http-nio-9000-exec-10] c.l.e.m.UserMapper.readAuthorities : <==        Row: ROLE_USER 
23:01:43.659 DEBUG --- [http-nio-9000-exec-10] c.l.e.m.UserMapper.readAuthorities : <==      Total: 1 
23:01:43.800 INFO  --- [http-nio-9000-exec-10] c.l.e.controller.AuthController : ddddUser [username=aa, password=$2a$10$E9uJmTb4UXt.Kas5DI/5z.uJboHYlOENfXdhyjesRNCfU2dwtRq2q, name=aa, phone=1111111111, uDateTime=null, authorities=[ROLE_USER], isAccountNonExpired=true, isAccountNonLocked=true, isCredentialsNonExpired=true, isEnabled=true] 
